2017-12-12 15:55:46,760 : INFO : adding document #0 to Dictionary(0 unique tokens: [])
2017-12-12 15:55:47,836 : INFO : built Dictionary(33180 unique tokens: ['', 'I', 'It', 'anticip', 'definit']...) from 7441 documents (total 370989 corpus positions)
2017-12-12 15:55:48,583 : INFO : using symmetric alpha at 0.03333333333333333
2017-12-12 15:55:48,583 : INFO : using symmetric eta at 0.03333333333333333
2017-12-12 15:55:48,596 : INFO : using serial LDA version on this node
2017-12-12 15:58:23,371 : INFO : adding document #0 to Dictionary(0 unique tokens: [])
2017-12-12 15:58:24,416 : INFO : built Dictionary(33180 unique tokens: ['', 'I', 'It', 'anticip', 'definit']...) from 7441 documents (total 370989 corpus positions)
2017-12-12 15:58:25,159 : INFO : using symmetric alpha at 0.03333333333333333
2017-12-12 15:58:25,159 : INFO : using symmetric eta at 0.03333333333333333
2017-12-12 15:58:25,164 : INFO : using serial LDA version on this node
2017-12-12 15:58:52,313 : INFO : running online (multi-pass) LDA training, 30 topics, 1000 passes over the supplied corpus of 7441 documents, updating model once every 2000 documents, evaluating perplexity every 7441 documents, iterating 50x with a convergence threshold of 0.001000
2017-12-12 15:58:52,314 : INFO : PROGRESS: pass 0, at document #2000/7441
2017-12-12 15:59:12,376 : INFO : merging changes from 2000 documents into a model of 7441 documents
2017-12-12 15:59:14,097 : INFO : topic #17 (0.033): 0.018*"I" + 0.006*"the" + 0.006*"like" + 0.006*"stori" + 0.006*"end" + 0.006*"interest" + 0.006*"read" + 0.005*"will" + 0.005*"It" + 0.005*"charact"
2017-12-12 15:59:14,097 : INFO : topic #4 (0.033): 0.048*"I" + 0.044*"" + 0.013*"read" + 0.013*"the" + 0.012*"book" + 0.008*"end" + 0.008*"stori" + 0.008*"It" + 0.007*"just" + 0.007*"realli"
2017-12-12 15:59:14,098 : INFO : topic #16 (0.033): 0.036*"I" + 0.018*"read" + 0.017*"book" + 0.014*"" + 0.009*"ami" + 0.008*"like" + 0.007*"nick" + 0.007*"thi" + 0.007*"just" + 0.007*"get"
2017-12-12 15:59:14,098 : INFO : topic #22 (0.033): 0.036*"I" + 0.023*"" + 0.014*"book" + 0.011*"read" + 0.010*"charact" + 0.009*"the" + 0.008*"realli" + 0.008*"just" + 0.008*"-" + 0.007*"like"
2017-12-12 15:59:14,099 : INFO : topic #13 (0.033): 0.065*"I" + 0.034*"book" + 0.034*"" + 0.013*"read" + 0.012*"like" + 0.011*"the" + 0.008*"end" + 0.008*"stori" + 0.007*"just" + 0.006*"one"
2017-12-12 15:59:14,100 : INFO : topic diff=24.723320, rho=1.000000
2017-12-12 15:59:14,100 : INFO : PROGRESS: pass 0, at document #4000/7441
2017-12-12 15:59:31,533 : INFO : merging changes from 2000 documents into a model of 7441 documents
2017-12-12 15:59:33,082 : INFO : topic #24 (0.033): 0.046*"" + 0.031*"I" + 0.021*"book" + 0.012*"read" + 0.007*"nick" + 0.007*"ami" + 0.007*"stori" + 0.007*"end" + 0.006*"like" + 0.006*"the"
2017-12-12 15:59:33,082 : INFO : topic #16 (0.033): 0.029*"I" + 0.013*"read" + 0.013*"book" + 0.013*"ami" + 0.011*"" + 0.010*"nick" + 0.007*"thi" + 0.007*"see" + 0.006*"just" + 0.006*"like"
2017-12-12 15:59:33,083 : INFO : topic #27 (0.033): 0.068*"I" + 0.026*"book" + 0.015*"read" + 0.013*"put" + 0.012*"the" + 0.009*"first" + 0.008*"get" + 0.008*"down." + 0.007*"" + 0.007*"good"
2017-12-12 15:59:33,083 : INFO : topic #2 (0.033): 0.047*"I" + 0.015*"book" + 0.013*"charact" + 0.012*"read" + 0.010*"stori" + 0.009*"like" + 0.009*"end" + 0.009*"just" + 0.008*"the" + 0.008*"good"
2017-12-12 15:59:33,084 : INFO : topic #17 (0.033): 0.012*"I" + 0.005*"the" + 0.005*"stori" + 0.005*"like" + 0.004*"take" + 0.004*"read" + 0.004*"creativ" + 0.004*"but," + 0.004*"end" + 0.004*"littl"
2017-12-12 15:59:33,085 : INFO : topic diff=2.510954, rho=0.707107
2017-12-12 15:59:33,085 : INFO : PROGRESS: pass 0, at document #6000/7441
2017-12-12 15:59:49,733 : INFO : merging changes from 2000 documents into a model of 7441 documents
2017-12-12 15:59:50,889 : INFO : topic #16 (0.033): 0.023*"I" + 0.012*"ami" + 0.010*"read" + 0.010*"book" + 0.010*"nick" + 0.008*"" + 0.006*"see" + 0.005*"thi" + 0.005*"like" + 0.005*"It"
2017-12-12 15:59:50,890 : INFO : topic #12 (0.033): 0.065*"I" + 0.016*"book" + 0.012*"read" + 0.011*"wast" + 0.010*"" + 0.007*"time" + 0.007*"end" + 0.006*"horribl" + 0.005*"the" + 0.005*"charact"
2017-12-12 15:59:50,891 : INFO : topic #10 (0.033): 0.122*"" + 0.047*"I" + 0.016*"end" + 0.016*"book" + 0.012*"the" + 0.010*"It" + 0.010*"charact" + 0.010*"like" + 0.010*"read" + 0.009*"love"
2017-12-12 15:59:50,891 : INFO : topic #25 (0.033): 0.102*"I" + 0.026*"book" + 0.022*"read" + 0.021*"" + 0.018*"end" + 0.010*"like" + 0.010*"recommend" + 0.010*"It" + 0.008*"realli" + 0.008*"just"
2017-12-12 15:59:50,892 : INFO : topic #18 (0.033): 0.029*"" + 0.022*"I" + 0.011*"nick" + 0.009*"ami" + 0.009*"love" + 0.007*"one" + 0.007*"twist" + 0.007*"book" + 0.006*"charact" + 0.006*"it'"
2017-12-12 15:59:50,893 : INFO : topic diff=2.360277, rho=0.577350
2017-12-12 16:00:08,689 : INFO : -10.476 per-word bound, 1424.7 perplexity estimate based on a held-out corpus of 1441 documents with 73805 words
2017-12-12 16:00:08,689 : INFO : PROGRESS: pass 0, at document #7441/7441
